  [1m[35m (1266.7ms)[0m  [1m[35mCREATE DATABASE "RedditClone_development" ENCODING = 'unicode'[0m
  ↳ bin/rails:9
  [1m[35m (541.6ms)[0m  [1m[35mCREATE DATABASE "RedditClone_test" ENCODING = 'unicode'[0m
  ↳ bin/rails:9
  [1m[35m (8.7ms)[0m  [1m[35mCREATE TABLE "schema_migrations" ("version" character varying NOT NULL PRIMARY KEY)[0m
  ↳ bin/rails:9
  [1m[35m (4.8ms)[0m  [1m[35mCREATE TABLE "ar_internal_metadata" ("key" character varying NOT NULL PRIMARY KEY, "value" character varying, "created_at" timestamp NOT NULL, "updated_at" timestamp NOT NULL)[0m
  ↳ bin/rails:9
  [1m[35m (0.4ms)[0m  [1m[34mSELECT pg_try_advisory_lock(6711173107426626090)[0m
  ↳ bin/rails:9
  [1m[35m (1.0ms)[0m  [1m[34mSELECT "schema_migrations"."version" FROM "schema_migrations" ORDER BY "schema_migrations"."version" ASC[0m
  ↳ bin/rails:9
Migrating to CreateUsers (20181120184714)
  [1m[35m (0.3ms)[0m  [1m[35mBEGIN[0m
  ↳ bin/rails:9
  [1m[35m (8.0ms)[0m  [1m[35mCREATE TABLE "users" ("id" bigserial primary key, "email" character varying NOT NULL, "password_digest" character varying NOT NULL, "session_token" character varying NOT NULL, "created_at" timestamp NOT NULL, "updated_at" timestamp NOT NULL)[0m
  ↳ db/migrate/20181120184714_create_users.rb:3
  [1m[35m (2.3ms)[0m  [1m[35mCREATE UNIQUE INDEX  "index_users_on_session_token" ON "users"  ("session_token")[0m
  ↳ db/migrate/20181120184714_create_users.rb:10
  [1m[35m (1.5ms)[0m  [1m[35mCREATE UNIQUE INDEX  "index_users_on_email" ON "users"  ("email")[0m
  ↳ db/migrate/20181120184714_create_users.rb:11
  [1m[36mActiveRecord::SchemaMigration Create (1.1ms)[0m  [1m[32mINSERT INTO "schema_migrations" ("version") VALUES ($1) RETURNING "version"[0m  [["version", "20181120184714"]]
  ↳ bin/rails:9
  [1m[35m (0.8ms)[0m  [1m[35mCOMMIT[0m
  ↳ bin/rails:9
  [1m[36mActiveRecord::InternalMetadata Load (0.7ms)[0m  [1m[34mSELECT  "ar_internal_metadata".* FROM "ar_internal_metadata" WHERE "ar_internal_metadata"."key" = $1 LIMIT $2[0m  [["key", "environment"], ["LIMIT", 1]]
  ↳ bin/rails:9
  [1m[35m (0.2ms)[0m  [1m[35mBEGIN[0m
  ↳ bin/rails:9
  [1m[36mActiveRecord::InternalMetadata Create (0.8ms)[0m  [1m[32mINSERT INTO "ar_internal_metadata" ("key", "value", "created_at", "updated_at") VALUES ($1, $2, $3, $4) RETURNING "key"[0m  [["key", "environment"], ["value", "development"], ["created_at", "2018-11-20 18:49:28.681825"], ["updated_at", "2018-11-20 18:49:28.681825"]]
  ↳ bin/rails:9
  [1m[35m (0.5ms)[0m  [1m[35mCOMMIT[0m
  ↳ bin/rails:9
  [1m[35m (0.4ms)[0m  [1m[34mSELECT pg_advisory_unlock(6711173107426626090)[0m
  ↳ bin/rails:9
  [1m[35m (0.6ms)[0m  [1m[34mSELECT "schema_migrations"."version" FROM "schema_migrations" ORDER BY "schema_migrations"."version" ASC[0m
  ↳ bin/rails:9
Started GET "/users/new" for 127.0.0.1 at 2018-11-20 11:16:18 -0800
  [1m[35m (1.4ms)[0m  [1m[34mSELECT "schema_migrations"."version" FROM "schema_migrations" ORDER BY "schema_migrations"."version" ASC[0m
  ↳ /usr/local/var/rbenv/versions/2.5.0/lib/ruby/gems/2.5.0/gems/activerecord-5.2.1/lib/active_record/log_subscriber.rb:98
Processing by UsersController#new as HTML
  Rendering users/new.html.erb within layouts/application
  Rendered users/new.html.erb within layouts/application (3.8ms)
Completed 200 OK in 2658ms (Views: 2587.8ms | ActiveRecord: 8.8ms)


Started GET "/users/new" for 127.0.0.1 at 2018-11-20 11:22:32 -0800
Processing by UsersController#new as HTML
  Rendering users/new.html.erb within layouts/application
  Rendered users/new.html.erb within layouts/application (1.4ms)
  [1m[36mUser Load (72.5ms)[0m  [1m[34mSELECT  "users".* FROM "users" WHERE "users"."session_token" IS NULL LIMIT $1[0m  [["LIMIT", 1]]
  ↳ app/controllers/application_controller.rb:5
Completed 200 OK in 309ms (Views: 205.4ms | ActiveRecord: 72.5ms)


Started POST "/users" for 127.0.0.1 at 2018-11-20 11:22:49 -0800
Processing by UsersController#create as HTML
  Parameters: {"authenticity_token"=>"LpRTj0i6oztVFcizUik9orNKAIrZQIgbNbL2YP54xVARhju5+O2YA+Fjy3oeYmu93504ATfj1vD/BtzvxFTjFA==", "user"=>{"email"=>"pickashu", "password"=>"[FILTERED]"}}
Completed 500 Internal Server Error in 30ms (ActiveRecord: 0.0ms)


  
NameError (uninitialized constant User::BCrypt):
  
app/models/user.rb:21:in `password='
app/controllers/users_controller.rb:8:in `create'
Started POST "/users" for 127.0.0.1 at 2018-11-20 11:24:54 -0800
Processing by UsersController#create as HTML
  Parameters: {"authenticity_token"=>"LpRTj0i6oztVFcizUik9orNKAIrZQIgbNbL2YP54xVARhju5+O2YA+Fjy3oeYmu93504ATfj1vD/BtzvxFTjFA==", "user"=>{"email"=>"pickashu", "password"=>"[FILTERED]"}}
Completed 500 Internal Server Error in 29ms (ActiveRecord: 0.0ms)


  
NameError (uninitialized constant User::BCrypt):
  
app/models/user.rb:21:in `password='
app/controllers/users_controller.rb:8:in `create'
Started GET "/users/new" for 127.0.0.1 at 2018-11-20 11:24:57 -0800
Processing by UsersController#new as HTML
  Rendering users/new.html.erb within layouts/application
  Rendered users/new.html.erb within layouts/application (0.7ms)
  [1m[36mUser Load (0.8ms)[0m  [1m[34mSELECT  "users".* FROM "users" WHERE "users"."session_token" IS NULL LIMIT $1[0m  [["LIMIT", 1]]
  ↳ app/controllers/application_controller.rb:5
Completed 200 OK in 186ms (Views: 181.6ms | ActiveRecord: 0.8ms)


Started POST "/users" for 127.0.0.1 at 2018-11-20 11:25:02 -0800
Processing by UsersController#create as HTML
  Parameters: {"authenticity_token"=>"9Sa0VKUVhKG1/7r86iCsM6g1t9a0PXTimI4PAGF06l/KNNxiFUK/mQGJuTWma/osxOKPXVqeKglSOiWPW1jMGw==", "user"=>{"email"=>"test", "password"=>"[FILTERED]"}}
Completed 500 Internal Server Error in 3ms (ActiveRecord: 0.0ms)


  
NameError (uninitialized constant User::BCrypt):
  
app/models/user.rb:21:in `password='
app/controllers/users_controller.rb:8:in `create'
Started POST "/users" for 127.0.0.1 at 2018-11-20 11:26:25 -0800
Processing by UsersController#create as HTML
  Parameters: {"authenticity_token"=>"9Sa0VKUVhKG1/7r86iCsM6g1t9a0PXTimI4PAGF06l/KNNxiFUK/mQGJuTWma/osxOKPXVqeKglSOiWPW1jMGw==", "user"=>{"email"=>"test", "password"=>"[FILTERED]"}}
Completed 500 Internal Server Error in 4ms (ActiveRecord: 0.0ms)


  
NameError (uninitialized constant User::BCrypt):
  
app/models/user.rb:21:in `password='
app/controllers/users_controller.rb:8:in `create'
Started GET "/users/new" for 127.0.0.1 at 2018-11-20 11:26:29 -0800
Processing by UsersController#new as HTML
  Rendering users/new.html.erb within layouts/application
  Rendered users/new.html.erb within layouts/application (0.8ms)
  [1m[36mUser Load (0.6ms)[0m  [1m[34mSELECT  "users".* FROM "users" WHERE "users"."session_token" IS NULL LIMIT $1[0m  [["LIMIT", 1]]
  ↳ app/controllers/application_controller.rb:5
Completed 200 OK in 56ms (Views: 50.1ms | ActiveRecord: 0.6ms)


Started GET "/users/new" for 127.0.0.1 at 2018-11-20 11:26:29 -0800
Processing by UsersController#new as HTML
  Rendering users/new.html.erb within layouts/application
  Rendered users/new.html.erb within layouts/application (1.3ms)
  [1m[36mUser Load (1.2ms)[0m  [1m[34mSELECT  "users".* FROM "users" WHERE "users"."session_token" IS NULL LIMIT $1[0m  [["LIMIT", 1]]
  ↳ app/controllers/application_controller.rb:5
Completed 200 OK in 60ms (Views: 55.0ms | ActiveRecord: 1.2ms)


Started POST "/users" for 127.0.0.1 at 2018-11-20 11:26:33 -0800
Processing by UsersController#create as HTML
  Parameters: {"authenticity_token"=>"f1N1Zp49j1VDFPpTuUGWe3hTZojpKCPBV3OtkjWWNo1AQR1QLmq0bfdi+Zr1CsBkFIReAweLfSqdx4cdD7oQyQ==", "user"=>{"email"=>"test", "password"=>"[FILTERED]"}}
Completed 500 Internal Server Error in 7ms (ActiveRecord: 0.0ms)


  
NameError (uninitialized constant User::BCrypt):
  
app/models/user.rb:21:in `password='
app/controllers/users_controller.rb:8:in `create'
Started GET "/users/new" for 127.0.0.1 at 2018-11-20 11:27:10 -0800
  [1m[35m (11.9ms)[0m  [1m[34mSELECT "schema_migrations"."version" FROM "schema_migrations" ORDER BY "schema_migrations"."version" ASC[0m
  ↳ /usr/local/var/rbenv/versions/2.5.0/lib/ruby/gems/2.5.0/gems/activerecord-5.2.1/lib/active_record/log_subscriber.rb:98
Processing by UsersController#new as HTML
  Rendering users/new.html.erb within layouts/application
  Rendered users/new.html.erb within layouts/application (2.0ms)
  [1m[36mUser Load (1.3ms)[0m  [1m[34mSELECT  "users".* FROM "users" WHERE "users"."session_token" IS NULL LIMIT $1[0m  [["LIMIT", 1]]
  ↳ app/controllers/application_controller.rb:5
Completed 200 OK in 458ms (Views: 416.3ms | ActiveRecord: 10.4ms)


Started POST "/users" for 127.0.0.1 at 2018-11-20 11:27:14 -0800
Processing by UsersController#create as HTML
  Parameters: {"authenticity_token"=>"f1N1Zp49j1VDFPpTuUGWe3hTZojpKCPBV3OtkjWWNo1AQR1QLmq0bfdi+Zr1CsBkFIReAweLfSqdx4cdD7oQyQ==", "user"=>{"email"=>"test", "password"=>"[FILTERED]"}}
  [1m[35m (0.2ms)[0m  [1m[35mBEGIN[0m
  ↳ app/controllers/users_controller.rb:8
  [1m[36mUser Exists (3.8ms)[0m  [1m[34mSELECT  1 AS one FROM "users" WHERE "users"."email" = $1 LIMIT $2[0m  [["email", "test"], ["LIMIT", 1]]
  ↳ app/controllers/users_controller.rb:8
  [1m[36mUser Exists (0.4ms)[0m  [1m[34mSELECT  1 AS one FROM "users" WHERE "users"."password_digest" = $1 LIMIT $2[0m  [["password_digest", "$2a$10$y2JsBd3fSmOoKerb7XamVOc.9psGcAnkMFnc9AYAV1Qka9ZwyXuj6"], ["LIMIT", 1]]
  ↳ app/controllers/users_controller.rb:8
  [1m[36mUser Exists (0.4ms)[0m  [1m[34mSELECT  1 AS one FROM "users" WHERE "users"."session_token" = $1 LIMIT $2[0m  [["session_token", "yjqaegUX4jBcW5iIrfnd1g"], ["LIMIT", 1]]
  ↳ app/controllers/users_controller.rb:8
  [1m[35m (0.3ms)[0m  [1m[31mROLLBACK[0m
  ↳ app/controllers/users_controller.rb:8
Completed 500 Internal Server Error in 452ms (ActiveRecord: 5.2ms)


  
NameError (undefined local variable or method `subs_url' for #<UsersController:0x00007fda42540bb8>):
  
app/controllers/users_controller.rb:12:in `create'
Started GET "/users/new" for 127.0.0.1 at 2018-11-20 11:27:50 -0800
Processing by UsersController#new as HTML
  Rendering users/new.html.erb within layouts/application
  Rendered users/new.html.erb within layouts/application (0.9ms)
  [1m[36mUser Load (0.8ms)[0m  [1m[34mSELECT  "users".* FROM "users" WHERE "users"."session_token" IS NULL LIMIT $1[0m  [["LIMIT", 1]]
  ↳ app/controllers/application_controller.rb:5
Completed 200 OK in 105ms (Views: 68.2ms | ActiveRecord: 17.1ms)


Started GET "/users/new" for 127.0.0.1 at 2018-11-20 11:27:51 -0800
Processing by UsersController#new as HTML
  Rendering users/new.html.erb within layouts/application
  Rendered users/new.html.erb within layouts/application (0.8ms)
  [1m[36mUser Load (0.8ms)[0m  [1m[34mSELECT  "users".* FROM "users" WHERE "users"."session_token" IS NULL LIMIT $1[0m  [["LIMIT", 1]]
  ↳ app/controllers/application_controller.rb:5
Completed 200 OK in 70ms (Views: 65.6ms | ActiveRecord: 0.8ms)


Started GET "/users/new" for 127.0.0.1 at 2018-11-20 11:28:13 -0800
Processing by UsersController#new as HTML
  Rendering users/new.html.erb within layouts/application
  Rendered users/new.html.erb within layouts/application (1.0ms)
  [1m[36mUser Load (1.1ms)[0m  [1m[34mSELECT  "users".* FROM "users" WHERE "users"."session_token" IS NULL LIMIT $1[0m  [["LIMIT", 1]]
  ↳ app/controllers/application_controller.rb:5
Completed 200 OK in 90ms (Views: 61.1ms | ActiveRecord: 8.3ms)


Started POST "/users" for 127.0.0.1 at 2018-11-20 11:28:18 -0800
Processing by UsersController#create as HTML
  Parameters: {"authenticity_token"=>"HhIvirxo6OJVA8Pfce5j2mm9VHlTl+eQ/WkQ+gaeU/MhAEe8DD/T2uF1wBY9pTXFBWps8r00uXs33Tp1PLJ1tw==", "user"=>{"email"=>"test", "password"=>"[FILTERED]"}}
  [1m[35m (0.3ms)[0m  [1m[35mBEGIN[0m
  ↳ app/controllers/users_controller.rb:8
  [1m[36mUser Exists (0.5ms)[0m  [1m[34mSELECT  1 AS one FROM "users" WHERE "users"."email" = $1 LIMIT $2[0m  [["email", "test"], ["LIMIT", 1]]
  ↳ app/controllers/users_controller.rb:8
  [1m[36mUser Exists (0.4ms)[0m  [1m[34mSELECT  1 AS one FROM "users" WHERE "users"."password_digest" = $1 LIMIT $2[0m  [["password_digest", "$2a$10$w3okn4vOf7d2lh87DNoGLOSnW8gB6/gCS84J.lhA9UfZ9tp6T5C.y"], ["LIMIT", 1]]
  ↳ app/controllers/users_controller.rb:8
  [1m[36mUser Exists (0.4ms)[0m  [1m[34mSELECT  1 AS one FROM "users" WHERE "users"."session_token" = $1 LIMIT $2[0m  [["session_token", "kTsJkW2pPey6oZtwtYp6wg"], ["LIMIT", 1]]
  ↳ app/controllers/users_controller.rb:8
  [1m[36mUser Create (56.0ms)[0m  [1m[32mINSERT INTO "users" ("email", "password_digest", "session_token", "created_at", "updated_at") VALUES ($1, $2, $3, $4, $5) RETURNING "id"[0m  [["email", "test"], ["password_digest", "$2a$10$w3okn4vOf7d2lh87DNoGLOSnW8gB6/gCS84J.lhA9UfZ9tp6T5C.y"], ["session_token", "kTsJkW2pPey6oZtwtYp6wg"], ["created_at", "2018-11-20 19:28:18.712127"], ["updated_at", "2018-11-20 19:28:18.712127"]]
  ↳ app/controllers/users_controller.rb:8
  [1m[35m (42.2ms)[0m  [1m[35mCOMMIT[0m
  ↳ app/controllers/users_controller.rb:8
Redirected to http://localhost:3000/users/new
Completed 302 Found in 187ms (ActiveRecord: 99.9ms)


Started GET "/users/new" for 127.0.0.1 at 2018-11-20 11:28:18 -0800
Processing by UsersController#new as HTML
  Rendering users/new.html.erb within layouts/application
  Rendered users/new.html.erb within layouts/application (0.7ms)
  [1m[36mUser Load (52.0ms)[0m  [1m[34mSELECT  "users".* FROM "users" WHERE "users"."session_token" = $1 LIMIT $2[0m  [["session_token", "kTsJkW2pPey6oZtwtYp6wg"], ["LIMIT", 1]]
  ↳ app/controllers/application_controller.rb:5
Completed 200 OK in 124ms (Views: 68.5ms | ActiveRecord: 52.3ms)


Started DELETE "/session" for 127.0.0.1 at 2018-11-20 11:28:25 -0800
Processing by SessionsController#destroy as HTML
  Parameters: {"authenticity_token"=>"s5+RHlHjO2wxjfQ3Ioll11q7ece9Rquby/JA5Qkp4NyMjfko4bQAVIX79/5uwjPINmxBTFPl9XABRmpqMwXGmA=="}
  [1m[36mUser Load (0.5ms)[0m  [1m[34mSELECT  "users".* FROM "users" WHERE "users"."session_token" = $1 LIMIT $2[0m  [["session_token", "kTsJkW2pPey6oZtwtYp6wg"], ["LIMIT", 1]]
  ↳ app/controllers/application_controller.rb:5
  [1m[35m (0.2ms)[0m  [1m[35mBEGIN[0m
  ↳ app/models/user.rb:26
  [1m[36mUser Exists (0.6ms)[0m  [1m[34mSELECT  1 AS one FROM "users" WHERE "users"."email" = $1 AND "users"."id" != $2 LIMIT $3[0m  [["email", "test"], ["id", 1], ["LIMIT", 1]]
  ↳ app/models/user.rb:26
  [1m[36mUser Exists (0.4ms)[0m  [1m[34mSELECT  1 AS one FROM "users" WHERE "users"."password_digest" = $1 AND "users"."id" != $2 LIMIT $3[0m  [["password_digest", "$2a$10$w3okn4vOf7d2lh87DNoGLOSnW8gB6/gCS84J.lhA9UfZ9tp6T5C.y"], ["id", 1], ["LIMIT", 1]]
  ↳ app/models/user.rb:26
  [1m[36mUser Exists (0.6ms)[0m  [1m[34mSELECT  1 AS one FROM "users" WHERE "users"."session_token" = $1 AND "users"."id" != $2 LIMIT $3[0m  [["session_token", "Onid3zCwOWcX83y-ZUqyhw"], ["id", 1], ["LIMIT", 1]]
  ↳ app/models/user.rb:26
  [1m[36mUser Update (44.8ms)[0m  [1m[33mUPDATE "users" SET "session_token" = $1, "updated_at" = $2 WHERE "users"."id" = $3[0m  [["session_token", "Onid3zCwOWcX83y-ZUqyhw"], ["updated_at", "2018-11-20 19:28:25.420134"], ["id", 1]]
  ↳ app/models/user.rb:26
  [1m[35m (0.8ms)[0m  [1m[35mCOMMIT[0m
  ↳ app/models/user.rb:26
Redirected to http://localhost:3000/session/new
Completed 302 Found in 58ms (ActiveRecord: 47.9ms)


Started GET "/session/new" for 127.0.0.1 at 2018-11-20 11:28:25 -0800
Processing by SessionsController#new as HTML
  Rendering sessions/new.html.erb within layouts/application
  Rendered sessions/new.html.erb within layouts/application (1.1ms)
  [1m[36mUser Load (1.0ms)[0m  [1m[34mSELECT  "users".* FROM "users" WHERE "users"."session_token" IS NULL LIMIT $1[0m  [["LIMIT", 1]]
  ↳ app/controllers/application_controller.rb:5
Completed 200 OK in 57ms (Views: 52.4ms | ActiveRecord: 1.0ms)


Started POST "/session" for 127.0.0.1 at 2018-11-20 11:29:49 -0800
Processing by SessionsController#create as HTML
  Parameters: {"authenticity_token"=>"xd/CPy66xAyWt5EwOprEM3XfVzBTlrDjWHBMVKaVL9v6zaoJnu3/NCLBkvl20ZIsGQhvu7017giSxGbbnLkJnw==", "user"=>{"email"=>"hello", "password"=>"[FILTERED]"}}
  [1m[36mUser Load (72.9ms)[0m  [1m[34mSELECT  "users".* FROM "users" WHERE "users"."username" = $1 LIMIT $2[0m  [["username", "hello"], ["LIMIT", 1]]
  ↳ app/models/user.rb:10
Completed 500 Internal Server Error in 76ms (ActiveRecord: 72.9ms)


  
ActiveRecord::StatementInvalid (PG::UndefinedColumn: ERROR:  column users.username does not exist
LINE 1: SELECT  "users".* FROM "users" WHERE "users"."username" = $1...
                                             ^
: SELECT  "users".* FROM "users" WHERE "users"."username" = $1 LIMIT $2):
  
app/models/user.rb:10:in `validate_credentials'
app/controllers/sessions_controller.rb:6:in `create'
Started GET "/session/new" for 127.0.0.1 at 2018-11-20 11:30:30 -0800
Processing by SessionsController#new as HTML
  Rendering sessions/new.html.erb within layouts/application
  Rendered sessions/new.html.erb within layouts/application (1.5ms)
  [1m[36mUser Load (0.4ms)[0m  [1m[34mSELECT  "users".* FROM "users" WHERE "users"."session_token" IS NULL LIMIT $1[0m  [["LIMIT", 1]]
  ↳ app/controllers/application_controller.rb:5
Completed 200 OK in 62ms (Views: 54.5ms | ActiveRecord: 3.1ms)


Started GET "/session/new" for 127.0.0.1 at 2018-11-20 11:30:36 -0800
Processing by SessionsController#new as HTML
  Rendering sessions/new.html.erb within layouts/application
  Rendered sessions/new.html.erb within layouts/application (0.8ms)
  [1m[36mUser Load (0.6ms)[0m  [1m[34mSELECT  "users".* FROM "users" WHERE "users"."session_token" IS NULL LIMIT $1[0m  [["LIMIT", 1]]
  ↳ app/controllers/application_controller.rb:5
Completed 200 OK in 50ms (Views: 44.4ms | ActiveRecord: 0.6ms)


Started GET "/users/new" for 127.0.0.1 at 2018-11-20 11:30:38 -0800
Processing by UsersController#new as HTML
  Rendering users/new.html.erb within layouts/application
  Rendered users/new.html.erb within layouts/application (0.7ms)
  [1m[36mUser Load (1.1ms)[0m  [1m[34mSELECT  "users".* FROM "users" WHERE "users"."session_token" IS NULL LIMIT $1[0m  [["LIMIT", 1]]
  ↳ app/controllers/application_controller.rb:5
Completed 200 OK in 53ms (Views: 36.9ms | ActiveRecord: 6.2ms)


Started GET "/session/new" for 127.0.0.1 at 2018-11-20 11:30:39 -0800
Processing by SessionsController#new as HTML
  Rendering sessions/new.html.erb within layouts/application
  Rendered sessions/new.html.erb within layouts/application (1.0ms)
  [1m[36mUser Load (0.6ms)[0m  [1m[34mSELECT  "users".* FROM "users" WHERE "users"."session_token" IS NULL LIMIT $1[0m  [["LIMIT", 1]]
  ↳ app/controllers/application_controller.rb:5
Completed 200 OK in 65ms (Views: 58.4ms | ActiveRecord: 0.6ms)


Started GET "/users/new" for 127.0.0.1 at 2018-11-20 11:30:40 -0800
Processing by UsersController#new as HTML
  Rendering users/new.html.erb within layouts/application
  Rendered users/new.html.erb within layouts/application (0.8ms)
  [1m[36mUser Load (0.6ms)[0m  [1m[34mSELECT  "users".* FROM "users" WHERE "users"."session_token" IS NULL LIMIT $1[0m  [["LIMIT", 1]]
  ↳ app/controllers/application_controller.rb:5
Completed 200 OK in 44ms (Views: 37.0ms | ActiveRecord: 0.6ms)


Started POST "/users" for 127.0.0.1 at 2018-11-20 11:30:47 -0800
Processing by UsersController#create as HTML
  Parameters: {"authenticity_token"=>"vHAEpSS2RZDcgnpCjLgTjZuF0LuKZJA92mJYYhQblcuDYmyTlOF+qGj0eYvA80WS91LoMGTHztYQ1nLtLjezjw==", "user"=>{"email"=>"help", "password"=>"[FILTERED]"}}
  [1m[35m (0.3ms)[0m  [1m[35mBEGIN[0m
  ↳ app/controllers/users_controller.rb:8
  [1m[36mUser Exists (0.5ms)[0m  [1m[34mSELECT  1 AS one FROM "users" WHERE "users"."email" = $1 LIMIT $2[0m  [["email", "help"], ["LIMIT", 1]]
  ↳ app/controllers/users_controller.rb:8
  [1m[36mUser Exists (0.4ms)[0m  [1m[34mSELECT  1 AS one FROM "users" WHERE "users"."password_digest" = $1 LIMIT $2[0m  [["password_digest", "$2a$10$L8GAuaO0bLs51Kb8IPurP.I2WI8uT27wtyL4qCe3tgZ2SPtcPuW6y"], ["LIMIT", 1]]
  ↳ app/controllers/users_controller.rb:8
  [1m[36mUser Exists (0.5ms)[0m  [1m[34mSELECT  1 AS one FROM "users" WHERE "users"."session_token" = $1 LIMIT $2[0m  [["session_token", "X3b5lxTy7o71UVcZJ-y_Iw"], ["LIMIT", 1]]
  ↳ app/controllers/users_controller.rb:8
  [1m[35m (0.3ms)[0m  [1m[31mROLLBACK[0m
  ↳ app/controllers/users_controller.rb:8
Redirected to http://localhost:3000/users/new
Completed 302 Found in 100ms (ActiveRecord: 2.0ms)


Started GET "/users/new" for 127.0.0.1 at 2018-11-20 11:30:47 -0800
Processing by UsersController#new as HTML
  Rendering users/new.html.erb within layouts/application
  Rendered users/new.html.erb within layouts/application (0.7ms)
  [1m[36mUser Load (0.5ms)[0m  [1m[34mSELECT  "users".* FROM "users" WHERE "users"."session_token" = $1 LIMIT $2[0m  [["session_token", "X3b5lxTy7o71UVcZJ-y_Iw"], ["LIMIT", 1]]
  ↳ app/controllers/application_controller.rb:5
Completed 200 OK in 48ms (Views: 42.0ms | ActiveRecord: 0.5ms)


Started GET "/users/new" for 127.0.0.1 at 2018-11-20 11:31:25 -0800
Processing by UsersController#new as HTML
  Rendering users/new.html.erb within layouts/application
  Rendered users/new.html.erb within layouts/application (1.0ms)
  [1m[36mUser Load (1.0ms)[0m  [1m[34mSELECT  "users".* FROM "users" WHERE "users"."session_token" = $1 LIMIT $2[0m  [["session_token", "X3b5lxTy7o71UVcZJ-y_Iw"], ["LIMIT", 1]]
  ↳ app/controllers/application_controller.rb:5
Completed 200 OK in 79ms (Views: 48.5ms | ActiveRecord: 9.7ms)


Started POST "/users" for 127.0.0.1 at 2018-11-20 11:31:31 -0800
Processing by UsersController#create as HTML
  Parameters: {"authenticity_token"=>"sqG5kTyg4a7NFGzGPJq/FMVdlz/e7RxKC6sDrRHtAlCNs9GnjPfalnlibw9w0ekLqYqvtDBOQqHBHykiK8EkFA==", "user"=>{"email"=>"test", "password"=>"[FILTERED]"}}
  [1m[35m (0.9ms)[0m  [1m[35mBEGIN[0m
  ↳ app/controllers/users_controller.rb:8
  [1m[36mUser Exists (0.6ms)[0m  [1m[34mSELECT  1 AS one FROM "users" WHERE "users"."email" = $1 LIMIT $2[0m  [["email", "test"], ["LIMIT", 1]]
  ↳ app/controllers/users_controller.rb:8
  [1m[36mUser Exists (0.6ms)[0m  [1m[34mSELECT  1 AS one FROM "users" WHERE "users"."password_digest" = $1 LIMIT $2[0m  [["password_digest", "$2a$10$E0TV9Mp5M98MSOvHmPJ/u.iGS6BrnRqdGwADIZ3ph5eb7rdAJFxGi"], ["LIMIT", 1]]
  ↳ app/controllers/users_controller.rb:8
  [1m[36mUser Exists (0.5ms)[0m  [1m[34mSELECT  1 AS one FROM "users" WHERE "users"."session_token" = $1 LIMIT $2[0m  [["session_token", "uz_o10Fs2u-_hVpB2HYBTg"], ["LIMIT", 1]]
  ↳ app/controllers/users_controller.rb:8
  [1m[35m (0.4ms)[0m  [1m[31mROLLBACK[0m
  ↳ app/controllers/users_controller.rb:8
  [1m[35m (0.2ms)[0m  [1m[35mBEGIN[0m
  ↳ app/controllers/users_controller.rb:10
  [1m[36mUser Exists (0.5ms)[0m  [1m[34mSELECT  1 AS one FROM "users" WHERE "users"."email" = $1 LIMIT $2[0m  [["email", "test"], ["LIMIT", 1]]
  ↳ app/controllers/users_controller.rb:10
  [1m[36mUser Exists (0.5ms)[0m  [1m[34mSELECT  1 AS one FROM "users" WHERE "users"."password_digest" = $1 LIMIT $2[0m  [["password_digest", "$2a$10$E0TV9Mp5M98MSOvHmPJ/u.iGS6BrnRqdGwADIZ3ph5eb7rdAJFxGi"], ["LIMIT", 1]]
  ↳ app/controllers/users_controller.rb:10
  [1m[36mUser Exists (0.6ms)[0m  [1m[34mSELECT  1 AS one FROM "users" WHERE "users"."session_token" = $1 LIMIT $2[0m  [["session_token", "uz_o10Fs2u-_hVpB2HYBTg"], ["LIMIT", 1]]
  ↳ app/controllers/users_controller.rb:10
  [1m[35m (0.5ms)[0m  [1m[31mROLLBACK[0m
  ↳ app/controllers/users_controller.rb:10
  Rendering users/new.html.erb within layouts/application
  Rendered users/new.html.erb within layouts/application (0.7ms)
  [1m[36mUser Load (0.6ms)[0m  [1m[34mSELECT  "users".* FROM "users" WHERE "users"."session_token" = $1 LIMIT $2[0m  [["session_token", "X3b5lxTy7o71UVcZJ-y_Iw"], ["LIMIT", 1]]
  ↳ app/controllers/application_controller.rb:5
Completed 200 OK in 147ms (Views: 39.5ms | ActiveRecord: 5.9ms)


  [1m[35m (0.4ms)[0m  [1m[34mSELECT pg_try_advisory_lock(6711173107426626090)[0m
  ↳ bin/rails:9
  [1m[35m (16.8ms)[0m  [1m[34mSELECT "schema_migrations"."version" FROM "schema_migrations" ORDER BY "schema_migrations"."version" ASC[0m
  ↳ bin/rails:9
Migrating to CreateSubs (20181120193549)
  [1m[35m (0.3ms)[0m  [1m[35mBEGIN[0m
  ↳ bin/rails:9
  [1m[35m (46.5ms)[0m  [1m[35mCREATE TABLE "subs" ("id" bigserial primary key, "title" character varying NOT NULL, "description" character varying NOT NULL, "user_id" integer NOT NULL, "created_at" timestamp NOT NULL, "updated_at" timestamp NOT NULL)[0m
  ↳ db/migrate/20181120193549_create_subs.rb:3
  [1m[35m (2.7ms)[0m  [1m[35mCREATE  INDEX  "index_subs_on_user_id" ON "subs"  ("user_id")[0m
  ↳ db/migrate/20181120193549_create_subs.rb:10
  [1m[35m (1.4ms)[0m  [1m[35mCREATE  INDEX  "index_subs_on_title" ON "subs"  ("title")[0m
  ↳ db/migrate/20181120193549_create_subs.rb:11
  [1m[36mActiveRecord::SchemaMigration Create (0.7ms)[0m  [1m[32mINSERT INTO "schema_migrations" ("version") VALUES ($1) RETURNING "version"[0m  [["version", "20181120193549"]]
  ↳ bin/rails:9
  [1m[35m (69.6ms)[0m  [1m[35mCOMMIT[0m
  ↳ bin/rails:9
  [1m[36mActiveRecord::InternalMetadata Load (33.2ms)[0m  [1m[34mSELECT  "ar_internal_metadata".* FROM "ar_internal_metadata" WHERE "ar_internal_metadata"."key" = $1 LIMIT $2[0m  [["key", "environment"], ["LIMIT", 1]]
  ↳ bin/rails:9
  [1m[35m (0.4ms)[0m  [1m[35mBEGIN[0m
  ↳ bin/rails:9
  [1m[35m (0.3ms)[0m  [1m[35mCOMMIT[0m
  ↳ bin/rails:9
  [1m[35m (0.4ms)[0m  [1m[34mSELECT pg_advisory_unlock(6711173107426626090)[0m
  ↳ bin/rails:9
  [1m[35m (0.3ms)[0m  [1m[34mSELECT "schema_migrations"."version" FROM "schema_migrations" ORDER BY "schema_migrations"."version" ASC[0m
  ↳ bin/rails:9
Started GET "/users" for 127.0.0.1 at 2018-11-20 11:51:31 -0800
  [1m[35m (26.5ms)[0m  [1m[34mSELECT "schema_migrations"."version" FROM "schema_migrations" ORDER BY "schema_migrations"."version" ASC[0m
  ↳ /usr/local/var/rbenv/versions/2.5.0/lib/ruby/gems/2.5.0/gems/activerecord-5.2.1/lib/active_record/log_subscriber.rb:98
  
ActionController::RoutingError (No route matches [GET] "/users"):
  
actionpack (5.2.1) lib/action_dispatch/middleware/debug_exceptions.rb:65:in `call'
web-console (3.7.0) lib/web_console/middleware.rb:135:in `call_app'
web-console (3.7.0) lib/web_console/middleware.rb:30:in `block in call'
web-console (3.7.0) lib/web_console/middleware.rb:20:in `catch'
web-console (3.7.0) lib/web_console/middleware.rb:20:in `call'
actionpack (5.2.1) lib/action_dispatch/middleware/show_exceptions.rb:33:in `call'
railties (5.2.1) lib/rails/rack/logger.rb:38:in `call_app'
railties (5.2.1) lib/rails/rack/logger.rb:26:in `block in call'
activesupport (5.2.1) lib/active_support/tagged_logging.rb:71:in `block in tagged'
activesupport (5.2.1) lib/active_support/tagged_logging.rb:28:in `tagged'
activesupport (5.2.1) lib/active_support/tagged_logging.rb:71:in `tagged'
railties (5.2.1) lib/rails/rack/logger.rb:26:in `call'
sprockets-rails (3.2.1) lib/sprockets/rails/quiet_assets.rb:13:in `call'
actionpack (5.2.1) lib/action_dispatch/middleware/remote_ip.rb:81:in `call'
actionpack (5.2.1) lib/action_dispatch/middleware/request_id.rb:27:in `call'
rack (2.0.6) lib/rack/method_override.rb:22:in `call'
rack (2.0.6) lib/rack/runtime.rb:22:in `call'
activesupport (5.2.1) lib/active_support/cache/strategy/local_cache_middleware.rb:29:in `call'
actionpack (5.2.1) lib/action_dispatch/middleware/executor.rb:14:in `call'
actionpack (5.2.1) lib/action_dispatch/middleware/static.rb:127:in `call'
rack (2.0.6) lib/rack/sendfile.rb:111:in `call'
railties (5.2.1) lib/rails/engine.rb:524:in `call'
puma (3.12.0) lib/puma/configuration.rb:225:in `call'
puma (3.12.0) lib/puma/server.rb:658:in `handle_request'
puma (3.12.0) lib/puma/server.rb:472:in `process_client'
puma (3.12.0) lib/puma/server.rb:332:in `block in run'
puma (3.12.0) lib/puma/thread_pool.rb:133:in `block in spawn_thread'
Started GET "/users/new" for 127.0.0.1 at 2018-11-20 11:51:40 -0800
Processing by UsersController#new as HTML
  Rendering users/new.html.erb within layouts/application
  Rendered users/new.html.erb within layouts/application (0.8ms)
Started GET "/users/new" for 127.0.0.1 at 2018-11-20 11:51:45 -0800
  [1m[36mUser Load (0.9ms)[0m  [1m[34mSELECT  "users".* FROM "users" WHERE "users"."session_token" = $1 LIMIT $2[0m  [["session_token", "X3b5lxTy7o71UVcZJ-y_Iw"], ["LIMIT", 1]]
  ↳ app/controllers/application_controller.rb:5
Completed 200 OK in 4590ms (Views: 4516.7ms | ActiveRecord: 13.2ms)


Processing by UsersController#new as HTML
  Rendering users/new.html.erb within layouts/application
  Rendered users/new.html.erb within layouts/application (0.6ms)
  [1m[36mUser Load (2.3ms)[0m  [1m[34mSELECT  "users".* FROM "users" WHERE "users"."session_token" = $1 LIMIT $2[0m  [["session_token", "X3b5lxTy7o71UVcZJ-y_Iw"], ["LIMIT", 1]]
  ↳ app/controllers/application_controller.rb:5
Completed 200 OK in 45ms (Views: 38.1ms | ActiveRecord: 2.3ms)


Started POST "/users" for 127.0.0.1 at 2018-11-20 11:51:50 -0800
Processing by UsersController#create as HTML
  Parameters: {"authenticity_token"=>"RTecD2ACnVFuK9y5Y2Y2uC9gGhzkLu8YPpaw0R+oID56JfQ50FWmadpd33AvLWCnQ7cilwqNsfP0IppeJYQGeg==", "user"=>{"email"=>"mew", "password"=>"[FILTERED]"}}
  [1m[35m (0.2ms)[0m  [1m[35mBEGIN[0m
  ↳ app/controllers/users_controller.rb:8
  [1m[36mUser Exists (0.6ms)[0m  [1m[34mSELECT  1 AS one FROM "users" WHERE "users"."email" = $1 LIMIT $2[0m  [["email", "mew"], ["LIMIT", 1]]
  ↳ app/controllers/users_controller.rb:8
  [1m[36mUser Exists (0.5ms)[0m  [1m[34mSELECT  1 AS one FROM "users" WHERE "users"."password_digest" = $1 LIMIT $2[0m  [["password_digest", "$2a$10$Zb2A9yaW.kDOP9Cyp6C5KOiYXBLkJbMxTBSAYo.Geik.vgnBXvr.S"], ["LIMIT", 1]]
  ↳ app/controllers/users_controller.rb:8
  [1m[36mUser Exists (0.4ms)[0m  [1m[34mSELECT  1 AS one FROM "users" WHERE "users"."session_token" = $1 LIMIT $2[0m  [["session_token", "HnkREmOO8OLYdUWE5zRXiw"], ["LIMIT", 1]]
  ↳ app/controllers/users_controller.rb:8
  [1m[36mUser Create (16.8ms)[0m  [1m[32mINSERT INTO "users" ("email", "password_digest", "session_token", "created_at", "updated_at") VALUES ($1, $2, $3, $4, $5) RETURNING "id"[0m  [["email", "mew"], ["password_digest", "$2a$10$Zb2A9yaW.kDOP9Cyp6C5KOiYXBLkJbMxTBSAYo.Geik.vgnBXvr.S"], ["session_token", "HnkREmOO8OLYdUWE5zRXiw"], ["created_at", "2018-11-20 19:51:50.904104"], ["updated_at", "2018-11-20 19:51:50.904104"]]
  ↳ app/controllers/users_controller.rb:8
  [1m[35m (50.7ms)[0m  [1m[35mCOMMIT[0m
  ↳ app/controllers/users_controller.rb:8
  [1m[35m (0.2ms)[0m  [1m[35mBEGIN[0m
  ↳ app/controllers/users_controller.rb:10
  [1m[36mUser Exists (0.6ms)[0m  [1m[34mSELECT  1 AS one FROM "users" WHERE "users"."email" = $1 AND "users"."id" != $2 LIMIT $3[0m  [["email", "mew"], ["id", 2], ["LIMIT", 1]]
  ↳ app/controllers/users_controller.rb:10
  [1m[36mUser Exists (0.4ms)[0m  [1m[34mSELECT  1 AS one FROM "users" WHERE "users"."password_digest" = $1 AND "users"."id" != $2 LIMIT $3[0m  [["password_digest", "$2a$10$Zb2A9yaW.kDOP9Cyp6C5KOiYXBLkJbMxTBSAYo.Geik.vgnBXvr.S"], ["id", 2], ["LIMIT", 1]]
  ↳ app/controllers/users_controller.rb:10
  [1m[36mUser Exists (0.5ms)[0m  [1m[34mSELECT  1 AS one FROM "users" WHERE "users"."session_token" = $1 AND "users"."id" != $2 LIMIT $3[0m  [["session_token", "HnkREmOO8OLYdUWE5zRXiw"], ["id", 2], ["LIMIT", 1]]
  ↳ app/controllers/users_controller.rb:10
  [1m[35m (0.2ms)[0m  [1m[35mCOMMIT[0m
  ↳ app/controllers/users_controller.rb:10
Redirected to http://localhost:3000/users/new
Completed 302 Found in 161ms (ActiveRecord: 71.0ms)


Started GET "/users/new" for 127.0.0.1 at 2018-11-20 11:51:50 -0800
Processing by UsersController#new as HTML
  Rendering users/new.html.erb within layouts/application
  Rendered users/new.html.erb within layouts/application (0.9ms)
  [1m[36mUser Load (0.8ms)[0m  [1m[34mSELECT  "users".* FROM "users" WHERE "users"."session_token" = $1 LIMIT $2[0m  [["session_token", "HnkREmOO8OLYdUWE5zRXiw"], ["LIMIT", 1]]
  ↳ app/controllers/application_controller.rb:5
Completed 200 OK in 45ms (Views: 41.1ms | ActiveRecord: 0.8ms)


Started GET "/subs/new" for 127.0.0.1 at 2018-11-20 11:52:07 -0800
Processing by SubsController#new as HTML
  [1m[36mUser Load (0.6ms)[0m  [1m[34mSELECT  "users".* FROM "users" WHERE "users"."session_token" = $1 LIMIT $2[0m  [["session_token", "HnkREmOO8OLYdUWE5zRXiw"], ["LIMIT", 1]]
  ↳ app/controllers/application_controller.rb:5
  Rendering subs/new.html.erb within layouts/application
  Rendered subs/new.html.erb within layouts/application (4.4ms)
Completed 500 Internal Server Error in 90ms (ActiveRecord: 5.8ms)


  
ActionView::Template::Error (No route matches {:action=>"show", :controller=>"subs"}, missing required keys: [:id]):
    1: <h1>Create New Sub</h1>
    2: <form action="<%= sub_url %>" method="post">
    3:   <%= auth_token %>
    4: 
    5:   <label>Title:
  
app/views/subs/new.html.erb:2:in `_app_views_subs_new_html_erb___2628720304489329225_70287737869860'
Started GET "/subs/new" for 127.0.0.1 at 2018-11-20 11:52:31 -0800
Processing by SubsController#new as HTML
  [1m[36mUser Load (0.6ms)[0m  [1m[34mSELECT  "users".* FROM "users" WHERE "users"."session_token" = $1 LIMIT $2[0m  [["session_token", "HnkREmOO8OLYdUWE5zRXiw"], ["LIMIT", 1]]
  ↳ app/controllers/application_controller.rb:5
  Rendering subs/new.html.erb within layouts/application
  Rendered subs/new.html.erb within layouts/application (0.7ms)
Completed 200 OK in 71ms (Views: 64.7ms | ActiveRecord: 0.6ms)


Started GET "/subs/new" for 127.0.0.1 at 2018-11-20 11:55:36 -0800
Processing by SubsController#new as HTML
  [1m[36mUser Load (0.4ms)[0m  [1m[34mSELECT  "users".* FROM "users" WHERE "users"."session_token" = $1 LIMIT $2[0m  [["session_token", "HnkREmOO8OLYdUWE5zRXiw"], ["LIMIT", 1]]
  ↳ app/controllers/application_controller.rb:5
  Rendering subs/new.html.erb within layouts/application
  Rendered subs/new.html.erb within layouts/application (1.1ms)
Completed 200 OK in 108ms (Views: 64.2ms | ActiveRecord: 19.0ms)


Started GET "/subs/new" for 127.0.0.1 at 2018-11-20 11:55:38 -0800
Processing by SubsController#new as HTML
  [1m[36mUser Load (0.5ms)[0m  [1m[34mSELECT  "users".* FROM "users" WHERE "users"."session_token" = $1 LIMIT $2[0m  [["session_token", "HnkREmOO8OLYdUWE5zRXiw"], ["LIMIT", 1]]
  ↳ app/controllers/application_controller.rb:5
  Rendering subs/new.html.erb within layouts/application
  Rendered subs/new.html.erb within layouts/application (0.9ms)
Completed 200 OK in 46ms (Views: 40.7ms | ActiveRecord: 0.5ms)


Started POST "/subs" for 127.0.0.1 at 2018-11-20 11:55:47 -0800
Processing by SubsController#create as HTML
  Parameters: {"authenticity_token"=>"uEnUadCvAj3uEyO96magNWFGdLcbA4Cf9pds1ICEgK2HW7xfYPg5BVplIHSmLfYqDZFMPPWg3nQ8I0Zbuqim6Q==", "sub"=>{"title"=>"sub sub sbu", "description"=>"blub blub blub"}}
  [1m[36mUser Load (0.5ms)[0m  [1m[34mSELECT  "users".* FROM "users" WHERE "users"."session_token" = $1 LIMIT $2[0m  [["session_token", "HnkREmOO8OLYdUWE5zRXiw"], ["LIMIT", 1]]
  ↳ app/controllers/application_controller.rb:5
  [1m[35m (0.2ms)[0m  [1m[35mBEGIN[0m
  ↳ app/controllers/subs_controller.rb:11
  [1m[35m (0.3ms)[0m  [1m[31mROLLBACK[0m
  ↳ app/controllers/subs_controller.rb:11
  Rendering subs/new.html.erb within layouts/application
  Rendered subs/new.html.erb within layouts/application (0.8ms)
Completed 200 OK in 131ms (Views: 34.8ms | ActiveRecord: 0.9ms)


Started GET "/subs" for 127.0.0.1 at 2018-11-20 11:56:15 -0800
Processing by SubsController#index as HTML
  [1m[36mUser Load (0.4ms)[0m  [1m[34mSELECT  "users".* FROM "users" WHERE "users"."session_token" = $1 LIMIT $2[0m  [["session_token", "HnkREmOO8OLYdUWE5zRXiw"], ["LIMIT", 1]]
  ↳ app/controllers/application_controller.rb:5
  Rendering subs/index.html.erb within layouts/application
  Rendered subs/index.html.erb within layouts/application (0.4ms)
Completed 200 OK in 85ms (Views: 42.1ms | ActiveRecord: 8.2ms)


Started GET "/subs/new" for 127.0.0.1 at 2018-11-20 11:56:23 -0800
Processing by SubsController#new as HTML
  [1m[36mUser Load (0.8ms)[0m  [1m[34mSELECT  "users".* FROM "users" WHERE "users"."session_token" = $1 LIMIT $2[0m  [["session_token", "HnkREmOO8OLYdUWE5zRXiw"], ["LIMIT", 1]]
  ↳ app/controllers/application_controller.rb:5
  Rendering subs/new.html.erb within layouts/application
  Rendered subs/new.html.erb within layouts/application (1.0ms)
Completed 200 OK in 104ms (Views: 38.4ms | ActiveRecord: 7.4ms)


Started POST "/subs" for 127.0.0.1 at 2018-11-20 11:56:30 -0800
Processing by SubsController#create as HTML
  Parameters: {"authenticity_token"=>"pw8+iPr4KcAcP6AqyTwwFPNYn4s72Hb0Dsh7QSPGbqCYHVa+Sq8S+KhJo+OFd2YLn4+nANV7KB/EfFHOGepI5A==", "sub"=>{"title"=>"sbu sbu sbu", "description"=>"blasuddblusddsfdf"}}
  [1m[36mUser Load (0.6ms)[0m  [1m[34mSELECT  "users".* FROM "users" WHERE "users"."session_token" = $1 LIMIT $2[0m  [["session_token", "HnkREmOO8OLYdUWE5zRXiw"], ["LIMIT", 1]]
  ↳ app/controllers/application_controller.rb:5
  [1m[35m (0.2ms)[0m  [1m[35mBEGIN[0m
  ↳ app/controllers/subs_controller.rb:11
  [1m[36mUser Load (0.4ms)[0m  [1m[34mSELECT  "users".* FROM "users" WHERE "users"."id" = $1 LIMIT $2[0m  [["id", 2], ["LIMIT", 1]]
  ↳ app/controllers/subs_controller.rb:11
  [1m[36mSub Create (48.0ms)[0m  [1m[32mINSERT INTO "subs" ("title", "description", "user_id", "created_at", "updated_at") VALUES ($1, $2, $3, $4, $5) RETURNING "id"[0m  [["title", "sbu sbu sbu"], ["description", "blasuddblusddsfdf"], ["user_id", 2], ["created_at", "2018-11-20 19:56:30.498523"], ["updated_at", "2018-11-20 19:56:30.498523"]]
  ↳ app/controllers/subs_controller.rb:11
  [1m[35m (41.7ms)[0m  [1m[35mCOMMIT[0m
  ↳ app/controllers/subs_controller.rb:11
Redirected to http://localhost:3000/subs/1
Completed 302 Found in 150ms (ActiveRecord: 91.0ms)


Started GET "/subs/1" for 127.0.0.1 at 2018-11-20 11:56:30 -0800
Processing by SubsController#show as HTML
  Parameters: {"id"=>"1"}
  [1m[36mUser Load (0.4ms)[0m  [1m[34mSELECT  "users".* FROM "users" WHERE "users"."session_token" = $1 LIMIT $2[0m  [["session_token", "HnkREmOO8OLYdUWE5zRXiw"], ["LIMIT", 1]]
  ↳ app/controllers/application_controller.rb:5
  [1m[36mSub Load (0.5ms)[0m  [1m[34mSELECT  "subs".* FROM "subs" WHERE "subs"."id" = $1 LIMIT $2[0m  [["id", 1], ["LIMIT", 1]]
  ↳ app/controllers/subs_controller.rb:38
  Rendering subs/show.html.erb within layouts/application
  Rendered subs/show.html.erb within layouts/application (0.5ms)
Completed 200 OK in 60ms (Views: 39.6ms | ActiveRecord: 0.9ms)


Started GET "/subs/1" for 127.0.0.1 at 2018-11-20 12:00:01 -0800
Processing by SubsController#show as HTML
  Parameters: {"id"=>"1"}
  [1m[36mUser Load (0.4ms)[0m  [1m[34mSELECT  "users".* FROM "users" WHERE "users"."session_token" = $1 LIMIT $2[0m  [["session_token", "HnkREmOO8OLYdUWE5zRXiw"], ["LIMIT", 1]]
  ↳ app/controllers/application_controller.rb:5
  [1m[36mSub Load (0.5ms)[0m  [1m[34mSELECT  "subs".* FROM "subs" WHERE "subs"."id" = $1 LIMIT $2[0m  [["id", 1], ["LIMIT", 1]]
  ↳ app/controllers/subs_controller.rb:38
  Rendering subs/show.html.erb within layouts/application
  Rendered subs/show.html.erb within layouts/application (0.5ms)
Completed 200 OK in 72ms (Views: 64.8ms | ActiveRecord: 0.9ms)


Started GET "/subs/1" for 127.0.0.1 at 2018-11-20 12:01:03 -0800
Processing by SubsController#show as HTML
  Parameters: {"id"=>"1"}
  [1m[36mUser Load (0.4ms)[0m  [1m[34mSELECT  "users".* FROM "users" WHERE "users"."session_token" = $1 LIMIT $2[0m  [["session_token", "HnkREmOO8OLYdUWE5zRXiw"], ["LIMIT", 1]]
  ↳ app/controllers/application_controller.rb:5
  [1m[36mSub Load (1.2ms)[0m  [1m[34mSELECT  "subs".* FROM "subs" WHERE "subs"."id" = $1 LIMIT $2[0m  [["id", 1], ["LIMIT", 1]]
  ↳ app/controllers/subs_controller.rb:38
  Rendering subs/show.html.erb within layouts/application
  Rendered subs/show.html.erb within layouts/application (0.6ms)
Completed 200 OK in 105ms (Views: 49.1ms | ActiveRecord: 13.5ms)


Started GET "/subs/1" for 127.0.0.1 at 2018-11-20 12:02:12 -0800
Processing by SubsController#show as HTML
  Parameters: {"id"=>"1"}
  [1m[36mUser Load (0.4ms)[0m  [1m[34mSELECT  "users".* FROM "users" WHERE "users"."session_token" = $1 LIMIT $2[0m  [["session_token", "HnkREmOO8OLYdUWE5zRXiw"], ["LIMIT", 1]]
  ↳ app/controllers/application_controller.rb:5
  [1m[36mSub Load (0.6ms)[0m  [1m[34mSELECT  "subs".* FROM "subs" WHERE "subs"."id" = $1 LIMIT $2[0m  [["id", 1], ["LIMIT", 1]]
  ↳ app/controllers/subs_controller.rb:38
  Rendering subs/show.html.erb within layouts/application
  Rendered subs/show.html.erb within layouts/application (0.7ms)
Completed 200 OK in 58ms (Views: 48.8ms | ActiveRecord: 1.0ms)


Started GET "/subs/1" for 127.0.0.1 at 2018-11-20 12:02:43 -0800
Processing by SubsController#show as HTML
  Parameters: {"id"=>"1"}
  [1m[36mUser Load (0.3ms)[0m  [1m[34mSELECT  "users".* FROM "users" WHERE "users"."session_token" = $1 LIMIT $2[0m  [["session_token", "HnkREmOO8OLYdUWE5zRXiw"], ["LIMIT", 1]]
  ↳ app/controllers/application_controller.rb:5
  [1m[36mSub Load (0.4ms)[0m  [1m[34mSELECT  "subs".* FROM "subs" WHERE "subs"."id" = $1 LIMIT $2[0m  [["id", 1], ["LIMIT", 1]]
  ↳ app/controllers/subs_controller.rb:38
  Rendering subs/show.html.erb within layouts/application
  Rendered subs/show.html.erb within layouts/application (0.9ms)
Completed 200 OK in 51ms (Views: 44.1ms | ActiveRecord: 0.7ms)


Started GET "/subs/1" for 127.0.0.1 at 2018-11-20 12:02:49 -0800
Processing by SubsController#show as HTML
  Parameters: {"id"=>"1"}
  [1m[36mUser Load (0.3ms)[0m  [1m[34mSELECT  "users".* FROM "users" WHERE "users"."session_token" = $1 LIMIT $2[0m  [["session_token", "HnkREmOO8OLYdUWE5zRXiw"], ["LIMIT", 1]]
  ↳ app/controllers/application_controller.rb:5
  [1m[36mSub Load (0.9ms)[0m  [1m[34mSELECT  "subs".* FROM "subs" WHERE "subs"."id" = $1 LIMIT $2[0m  [["id", 1], ["LIMIT", 1]]
  ↳ app/controllers/subs_controller.rb:38
  Rendering subs/show.html.erb within layouts/application
  Rendered subs/show.html.erb within layouts/application (1.3ms)
Completed 200 OK in 54ms (Views: 46.5ms | ActiveRecord: 1.2ms)


Started GET "/subs/" for 127.0.0.1 at 2018-11-20 12:05:14 -0800
Processing by SubsController#index as HTML
  [1m[36mUser Load (0.5ms)[0m  [1m[34mSELECT  "users".* FROM "users" WHERE "users"."session_token" = $1 LIMIT $2[0m  [["session_token", "HnkREmOO8OLYdUWE5zRXiw"], ["LIMIT", 1]]
  ↳ app/controllers/application_controller.rb:5
  Rendering subs/index.html.erb within layouts/application
  [1m[36mSub Load (0.5ms)[0m  [1m[34mSELECT "subs".* FROM "subs"[0m
  ↳ app/views/subs/index.html.erb:4
  Rendered subs/index.html.erb within layouts/application (2.0ms)
Completed 200 OK in 56ms (Views: 49.8ms | ActiveRecord: 1.0ms)


Started GET "/subs/1" for 127.0.0.1 at 2018-11-20 12:05:18 -0800
Processing by SubsController#show as HTML
  Parameters: {"id"=>"1"}
  [1m[36mUser Load (0.9ms)[0m  [1m[34mSELECT  "users".* FROM "users" WHERE "users"."session_token" = $1 LIMIT $2[0m  [["session_token", "HnkREmOO8OLYdUWE5zRXiw"], ["LIMIT", 1]]
  ↳ app/controllers/application_controller.rb:5
  [1m[36mSub Load (1.0ms)[0m  [1m[34mSELECT  "subs".* FROM "subs" WHERE "subs"."id" = $1 LIMIT $2[0m  [["id", 1], ["LIMIT", 1]]
  ↳ app/controllers/subs_controller.rb:38
  Rendering subs/show.html.erb within layouts/application
  Rendered subs/show.html.erb within layouts/application (1.4ms)
Completed 200 OK in 51ms (Views: 41.3ms | ActiveRecord: 2.0ms)


Started GET "/subs/" for 127.0.0.1 at 2018-11-20 12:06:05 -0800
Processing by SubsController#index as HTML
  [1m[36mUser Load (0.4ms)[0m  [1m[34mSELECT  "users".* FROM "users" WHERE "users"."session_token" = $1 LIMIT $2[0m  [["session_token", "HnkREmOO8OLYdUWE5zRXiw"], ["LIMIT", 1]]
  ↳ app/controllers/application_controller.rb:5
  Rendering subs/index.html.erb within layouts/application
  [1m[36mSub Load (0.5ms)[0m  [1m[34mSELECT "subs".* FROM "subs"[0m
  ↳ app/views/subs/index.html.erb:6
  Rendered subs/index.html.erb within layouts/application (2.1ms)
Completed 200 OK in 43ms (Views: 37.8ms | ActiveRecord: 0.8ms)


  [1m[35m (0.3ms)[0m  [1m[34mSELECT pg_try_advisory_lock(6711173107426626090)[0m
  ↳ bin/rails:9
  [1m[35m (6.4ms)[0m  [1m[34mSELECT "schema_migrations"."version" FROM "schema_migrations" ORDER BY "schema_migrations"."version" ASC[0m
  ↳ bin/rails:9
Migrating to CreatePosts (20181120200724)
  [1m[35m (0.3ms)[0m  [1m[35mBEGIN[0m
  ↳ bin/rails:9
  [1m[35m (125.3ms)[0m  [1m[35mCREATE TABLE "posts" ("id" bigserial primary key, "title" character varying NOT NULL, "url" character varying NOT NULL, "content" character varying NOT NULL, "sub_id" integer NOT NULL, "user_id" integer NOT NULL, "created_at" timestamp NOT NULL, "updated_at" timestamp NOT NULL)[0m
  ↳ db/migrate/20181120200724_create_posts.rb:3
  [1m[35m (11.8ms)[0m  [1m[35mCREATE  INDEX  "index_posts_on_sub_id" ON "posts"  ("sub_id")[0m
  ↳ db/migrate/20181120200724_create_posts.rb:12
  [1m[35m (4.9ms)[0m  [1m[35mCREATE  INDEX  "index_posts_on_user_id" ON "posts"  ("user_id")[0m
  ↳ db/migrate/20181120200724_create_posts.rb:13
  [1m[35m (1.4ms)[0m  [1m[35mCREATE  INDEX  "index_posts_on_title" ON "posts"  ("title")[0m
  ↳ db/migrate/20181120200724_create_posts.rb:14
  [1m[36mActiveRecord::SchemaMigration Create (0.6ms)[0m  [1m[32mINSERT INTO "schema_migrations" ("version") VALUES ($1) RETURNING "version"[0m  [["version", "20181120200724"]]
  ↳ bin/rails:9
  [1m[35m (47.1ms)[0m  [1m[35mCOMMIT[0m
  ↳ bin/rails:9
  [1m[36mActiveRecord::InternalMetadata Load (1.0ms)[0m  [1m[34mSELECT  "ar_internal_metadata".* FROM "ar_internal_metadata" WHERE "ar_internal_metadata"."key" = $1 LIMIT $2[0m  [["key", "environment"], ["LIMIT", 1]]
  ↳ bin/rails:9
  [1m[35m (0.4ms)[0m  [1m[35mBEGIN[0m
  ↳ bin/rails:9
  [1m[35m (0.2ms)[0m  [1m[35mCOMMIT[0m
  ↳ bin/rails:9
  [1m[35m (0.4ms)[0m  [1m[34mSELECT pg_advisory_unlock(6711173107426626090)[0m
  ↳ bin/rails:9
  [1m[35m (0.4ms)[0m  [1m[34mSELECT "schema_migrations"."version" FROM "schema_migrations" ORDER BY "schema_migrations"."version" ASC[0m
  ↳ bin/rails:9
  [1m[35m (1.2ms)[0m  [1m[34mSELECT "schema_migrations"."version" FROM "schema_migrations" ORDER BY "schema_migrations"."version" ASC[0m
  ↳ /usr/local/var/rbenv/versions/2.5.0/bin/annotate:23
  [1m[35m (1.4ms)[0m  [1m[34mSELECT "schema_migrations"."version" FROM "schema_migrations" ORDER BY "schema_migrations"."version" ASC[0m
  ↳ /usr/local/var/rbenv/versions/2.5.0/bin/annotate:23
